{"uid":"5c9837d4fe509555","name":"setUp","fullName":"testCases.BaseTest.setUp","historyId":"34c4cbe6982e551e00601958d9108968","time":{"start":1713178556009,"stop":1713178556009,"duration":0},"status":"broken","statusMessage":"java.util.concurrent.TimeoutException\nBuild info: version: '4.18.1', revision: 'b1d3319b48'\nSystem info: os.name: 'Windows 10', os.arch: 'amd64', os.version: '10.0', java.version: '17'\nDriver info: org.openqa.selenium.chrome.ChromeDriver\nCommand: [04f061e99f2139f5fb043125148dbabe, setTimeout {pageLoad=10000}]\nCapabilities {acceptInsecureCerts: false, browserName: chrome, browserVersion: 123.0.6312.122, chrome: {chromedriverVersion: 123.0.6312.122 (31f8248cdd9..., userDataDir: C:\\Users\\ABDELR~1\\AppData\\L...}, fedcm:accounts: true, goog:chromeOptions: {debuggerAddress: localhost:64587}, networkConnectionEnabled: false, pageLoadStrategy: normal, platformName: windows, proxy: Proxy(), se:cdp: ws://localhost:64587/devtoo..., se:cdpVersion: 123.0.6312.122, setWindowRect: true, strictFileInteractability: false, timeouts: {implicit: 0, pageLoad: 300000, script: 30000}, unhandledPromptBehavior: dismiss and notify, webauthn:extension:credBlob: true, webauthn:extension:largeBlob: true, webauthn:extension:minPinLength: true, webauthn:extension:prf: true, webauthn:virtualAuthenticators: true}","statusTrace":"org.openqa.selenium.TimeoutException: java.util.concurrent.TimeoutException\nBuild info: version: '4.18.1', revision: 'b1d3319b48'\nSystem info: os.name: 'Windows 10', os.arch: 'amd64', os.version: '10.0', java.version: '17'\nDriver info: org.openqa.selenium.chrome.ChromeDriver\nCommand: [04f061e99f2139f5fb043125148dbabe, setTimeout {pageLoad=10000}]\nCapabilities {acceptInsecureCerts: false, browserName: chrome, browserVersion: 123.0.6312.122, chrome: {chromedriverVersion: 123.0.6312.122 (31f8248cdd9..., userDataDir: C:\\Users\\ABDELR~1\\AppData\\L...}, fedcm:accounts: true, goog:chromeOptions: {debuggerAddress: localhost:64587}, networkConnectionEnabled: false, pageLoadStrategy: normal, platformName: windows, proxy: Proxy(), se:cdp: ws://localhost:64587/devtoo..., se:cdpVersion: 123.0.6312.122, setWindowRect: true, strictFileInteractability: false, timeouts: {implicit: 0, pageLoad: 300000, script: 30000}, unhandledPromptBehavior: dismiss and notify, webauthn:extension:credBlob: true, webauthn:extension:largeBlob: true, webauthn:extension:minPinLength: true, webauthn:extension:prf: true, webauthn:virtualAuthenticators: true}\r\n\tat org.openqa.selenium.remote.http.jdk.JdkHttpClient.execute0(JdkHttpClient.java:403)\r\n\tat org.openqa.selenium.remote.http.AddSeleniumUserAgent.lambda$apply$0(AddSeleniumUserAgent.java:42)\r\n\tat org.openqa.selenium.remote.http.Filter.lambda$andFinally$1(Filter.java:55)\r\n\tat org.openqa.selenium.remote.http.jdk.JdkHttpClient.execute(JdkHttpClient.java:359)\r\n\tat org.openqa.selenium.remote.HttpCommandExecutor.execute(HttpCommandExecutor.java:187)\r\n\tat org.openqa.selenium.remote.service.DriverCommandExecutor.invokeExecute(DriverCommandExecutor.java:216)\r\n\tat org.openqa.selenium.remote.service.DriverCommandExecutor.execute(DriverCommandExecutor.java:174)\r\n\tat org.openqa.selenium.remote.RemoteWebDriver.execute(RemoteWebDriver.java:519)\r\n\tat org.openqa.selenium.remote.RemoteWebDriver$RemoteWebDriverOptions$RemoteTimeouts.pageLoadTimeout(RemoteWebDriver.java:980)\r\n\tat pages.pages.HomePage.<init>(HomePage.java:22)\r\n\tat base.Navigation.openHomePage(Navigation.java:29)\r\n\tat testCases.BaseTest.setUp(BaseTest.java:46)\r\n\tat java.base/jdk.internal.reflect.NativeMethodAccessorImpl.invoke0(Native Method)\r\n\tat java.base/jdk.internal.reflect.NativeMethodAccessorImpl.invoke(NativeMethodAccessorImpl.java:77)\r\n\tat java.base/jdk.internal.reflect.DelegatingMethodAccessorImpl.invoke(DelegatingMethodAccessorImpl.java:43)\r\n\tat java.base/java.lang.reflect.Method.invoke(Method.java:568)\r\n\tat org.testng.internal.invokers.MethodInvocationHelper.invokeMethod(MethodInvocationHelper.java:139)\r\n\tat org.testng.internal.invokers.MethodInvocationHelper.invokeMethodConsideringTimeout(MethodInvocationHelper.java:69)\r\n\tat org.testng.internal.invokers.ConfigInvoker.invokeConfigurationMethod(ConfigInvoker.java:393)\r\n\tat org.testng.internal.invokers.ConfigInvoker.invokeConfigurations(ConfigInvoker.java:326)\r\n\tat org.testng.internal.invokers.TestInvoker.runConfigMethods(TestInvoker.java:810)\r\n\tat org.testng.internal.invokers.TestInvoker.invokeMethod(TestInvoker.java:578)\r\n\tat org.testng.internal.invokers.TestInvoker.invokeTestMethod(TestInvoker.java:228)\r\n\tat org.testng.internal.invokers.MethodRunner.runInSequence(MethodRunner.java:63)\r\n\tat org.testng.internal.invokers.TestInvoker$MethodInvocationAgent.invoke(TestInvoker.java:961)\r\n\tat org.testng.internal.invokers.TestInvoker.invokeTestMethods(TestInvoker.java:201)\r\n\tat org.testng.internal.invokers.TestMethodWorker.invokeTestMethods(TestMethodWorker.java:148)\r\n\tat org.testng.internal.invokers.TestMethodWorker.run(TestMethodWorker.java:128)\r\n\tat java.base/java.util.concurrent.Executors$RunnableAdapter.call(Executors.java:539)\r\n\tat java.base/java.util.concurrent.FutureTask.run(FutureTask.java:264)\r\n\tat org.testng.internal.thread.graph.TestNGFutureTask.run(TestNGFutureTask.java:22)\r\n\tat java.base/java.util.concurrent.ThreadPoolExecutor.runWorker(ThreadPoolExecutor.java:1136)\r\n\tat java.base/java.util.concurrent.ThreadPoolExecutor$Worker.run(ThreadPoolExecutor.java:635)\r\n\tat java.base/java.lang.Thread.run(Thread.java:833)\r\nCaused by: java.util.concurrent.TimeoutException\r\n\tat java.base/java.util.concurrent.CompletableFuture.timedGet(CompletableFuture.java:1960)\r\n\tat java.base/java.util.concurrent.CompletableFuture.get(CompletableFuture.java:2095)\r\n\tat org.openqa.selenium.remote.http.jdk.JdkHttpClient.execute0(JdkHttpClient.java:386)\r\n\t... 33 more\r\n","flaky":false,"newFailed":false,"newBroken":false,"newPassed":false,"retriesCount":17,"retriesStatusChange":true,"beforeStages":[],"afterStages":[],"labels":[{"name":"package","value":"testCases.TestCases1"},{"name":"testClass","value":"testCases.TestCases1"},{"name":"testMethod","value":"setUp"},{"name":"parentSuite","value":"All Test Suite"},{"name":"suite","value":"C:/Users/AbdElRahman/IdeaProjects/TestAutomationExercise-Website"},{"name":"subSuite","value":"testCases.TestCases1"},{"name":"host","value":"DESKTOP-9QSEPRP"},{"name":"thread","value":"13016@DESKTOP-9QSEPRP.TestNG-test-C:/Users/AbdElRahman/IdeaProjects/TestAutomationExercise-Website-2(22)"},{"name":"framework","value":"testng"},{"name":"language","value":"java"},{"name":"AS_ID","value":"-1"},{"name":"resultFormat","value":"allure2"}],"parameters":[],"links":[],"hidden":false,"retry":false,"extra":{"severity":"normal","retries":[{"uid":"cca1d53f744f7a7b","status":"broken","statusDetails":"Cannot invoke \"AutomatedActions.AutomatedActions.waitAndVisibilityActions()\" because \"this.automatedActions\" is null","time":{"start":1713144457956,"stop":1713144457957,"duration":1}},{"uid":"88649f0c123c2758","status":"broken","statusDetails":"Driver must be set","time":{"start":1713144413845,"stop":1713144413846,"duration":1}},{"uid":"42edb0932ec0e906","status":"broken","statusDetails":"Driver must be set","time":{"start":1713144307123,"stop":1713144307124,"duration":1}},{"uid":"a020e9c050480706","status":"failed","statusDetails":"java.lang.AssertionError","time":{"start":1713144274444,"stop":1713144274445,"duration":1}},{"uid":"ec12dd46df1b2566","status":"failed","statusDetails":"java.lang.AssertionError","time":{"start":1713144134433,"stop":1713144134434,"duration":1}},{"uid":"e9d64ad40fae829e","status":"failed","statusDetails":"java.lang.AssertionError","time":{"start":1713143923079,"stop":1713143923080,"duration":1}},{"uid":"9ca41a9b67963f74","status":"broken","statusDetails":"Driver must be set","time":{"start":1713142436143,"stop":1713142436145,"duration":2}},{"uid":"a9858ca1b7113f19","status":"broken","statusDetails":"Driver must be set","time":{"start":1713142436143,"stop":1713142436145,"duration":2}},{"uid":"269733ed88c57fd6","status":"broken","statusDetails":"Driver must be set","time":{"start":1713142412656,"stop":1713142412657,"duration":1}},{"uid":"79d5565d89099990","status":"broken","statusDetails":"Driver must be set","time":{"start":1713142412656,"stop":1713142412657,"duration":1}},{"uid":"398fb85d6c8b4364","status":"broken","statusDetails":"no such window: target window already closed\nfrom unknown error: web view not found\n  (Session info: chrome=123.0.6312.122)\nBuild info: version: '4.18.1', revision: 'b1d3319b48'\nSystem info: os.name: 'Windows 10', os.arch: 'amd64', os.version: '10.0', java.version: '17'\nDriver info: org.openqa.selenium.chrome.ChromeDriver\nCommand: [18c31360a22480d1e677fcf50ef57027, maximizeCurrentWindow {}]\nCapabilities {acceptInsecureCerts: false, browserName: chrome, browserVersion: 123.0.6312.122, chrome: {chromedriverVersion: 123.0.6312.122 (31f8248cdd9..., userDataDir: C:\\Users\\ABDELR~1\\AppData\\L...}, fedcm:accounts: true, goog:chromeOptions: {debuggerAddress: localhost:62774}, networkConnectionEnabled: false, pageLoadStrategy: normal, platformName: windows, proxy: Proxy(), se:cdp: ws://localhost:62774/devtoo..., se:cdpVersion: 123.0.6312.122, setWindowRect: true, strictFileInteractability: false, timeouts: {implicit: 0, pageLoad: 300000, script: 30000}, unhandledPromptBehavior: dismiss and notify, webauthn:extension:credBlob: true, webauthn:extension:largeBlob: true, webauthn:extension:minPinLength: true, webauthn:extension:prf: true, webauthn:virtualAuthenticators: true}\nSession ID: 18c31360a22480d1e677fcf50ef57027","time":{"start":1713141296920,"stop":1713141296922,"duration":2}},{"uid":"eeb3cfa3b1ccc6e5","status":"broken","statusDetails":"Driver must be set","time":{"start":1713141200486,"stop":1713141200487,"duration":1}},{"uid":"922353e98412317e","status":"broken","statusDetails":"no such window: target window already closed\nfrom unknown error: web view not found\n  (Session info: chrome=123.0.6312.122)\nBuild info: version: '4.18.1', revision: 'b1d3319b48'\nSystem info: os.name: 'Windows 10', os.arch: 'amd64', os.version: '10.0', java.version: '17'\nDriver info: org.openqa.selenium.chrome.ChromeDriver\nCommand: [63e78f1fdba712369b450249cb65dbc6, maximizeCurrentWindow {}]\nCapabilities {acceptInsecureCerts: false, browserName: chrome, browserVersion: 123.0.6312.122, chrome: {chromedriverVersion: 123.0.6312.122 (31f8248cdd9..., userDataDir: C:\\Users\\ABDELR~1\\AppData\\L...}, fedcm:accounts: true, goog:chromeOptions: {debuggerAddress: localhost:62378}, networkConnectionEnabled: false, pageLoadStrategy: normal, platformName: windows, proxy: Proxy(), se:cdp: ws://localhost:62378/devtoo..., se:cdpVersion: 123.0.6312.122, setWindowRect: true, strictFileInteractability: false, timeouts: {implicit: 0, pageLoad: 300000, script: 30000}, unhandledPromptBehavior: dismiss and notify, webauthn:extension:credBlob: true, webauthn:extension:largeBlob: true, webauthn:extension:minPinLength: true, webauthn:extension:prf: true, webauthn:virtualAuthenticators: true}\nSession ID: 63e78f1fdba712369b450249cb65dbc6","time":{"start":1713140960582,"stop":1713140960582,"duration":0}},{"uid":"3b14537088de00f8","status":"broken","statusDetails":"no such window: target window already closed\nfrom unknown error: web view not found\n  (Session info: chrome=123.0.6312.122)\nBuild info: version: '4.18.1', revision: 'b1d3319b48'\nSystem info: os.name: 'Windows 10', os.arch: 'amd64', os.version: '10.0', java.version: '17'\nDriver info: org.openqa.selenium.chrome.ChromeDriver\nCommand: [5fea23a2506030b942a32ee3ad0b0442, maximizeCurrentWindow {}]\nCapabilities {acceptInsecureCerts: false, browserName: chrome, browserVersion: 123.0.6312.122, chrome: {chromedriverVersion: 123.0.6312.122 (31f8248cdd9..., userDataDir: C:\\Users\\ABDELR~1\\AppData\\L...}, fedcm:accounts: true, goog:chromeOptions: {debuggerAddress: localhost:59941}, networkConnectionEnabled: false, pageLoadStrategy: normal, platformName: windows, proxy: Proxy(), se:cdp: ws://localhost:59941/devtoo..., se:cdpVersion: 123.0.6312.122, setWindowRect: true, strictFileInteractability: false, timeouts: {implicit: 0, pageLoad: 300000, script: 30000}, unhandledPromptBehavior: dismiss and notify, webauthn:extension:credBlob: true, webauthn:extension:largeBlob: true, webauthn:extension:minPinLength: true, webauthn:extension:prf: true, webauthn:virtualAuthenticators: true}\nSession ID: 5fea23a2506030b942a32ee3ad0b0442","time":{"start":1713140054820,"stop":1713140054821,"duration":1}},{"uid":"ab044ce9cf340b79","status":"broken","statusDetails":"disconnected: not connected to DevTools\n  (failed to check if window was closed: disconnected: not connected to DevTools)\n  (Session info: chrome=123.0.6312.106)\nBuild info: version: '4.18.1', revision: 'b1d3319b48'\nSystem info: os.name: 'Windows 10', os.arch: 'amd64', os.version: '10.0', java.version: '17'\nDriver info: org.openqa.selenium.chrome.ChromeDriver\nCommand: [a6bcde1e31761a5fa9d6b49c443849f7, maximizeCurrentWindow {}]\nCapabilities {acceptInsecureCerts: false, browserName: chrome, browserVersion: 123.0.6312.106, chrome: {chromedriverVersion: 123.0.6312.122 (31f8248cdd9..., userDataDir: C:\\Users\\ABDELR~1\\AppData\\L...}, fedcm:accounts: true, goog:chromeOptions: {debuggerAddress: localhost:50652}, networkConnectionEnabled: false, pageLoadStrategy: normal, platformName: windows, proxy: Proxy(), se:cdp: ws://localhost:50652/devtoo..., se:cdpVersion: 123.0.6312.106, setWindowRect: true, strictFileInteractability: false, timeouts: {implicit: 0, pageLoad: 300000, script: 30000}, unhandledPromptBehavior: dismiss and notify, webauthn:extension:credBlob: true, webauthn:extension:largeBlob: true, webauthn:extension:minPinLength: true, webauthn:extension:prf: true, webauthn:virtualAuthenticators: true}\nSession ID: a6bcde1e31761a5fa9d6b49c443849f7","time":{"start":1713057151659,"stop":1713057151661,"duration":2}},{"uid":"f0945d344eaf4b49","status":"broken","statusDetails":"no such window: target window already closed\nfrom unknown error: web view not found\n  (Session info: chrome=123.0.6312.106)\nBuild info: version: '4.18.1', revision: 'b1d3319b48'\nSystem info: os.name: 'Windows 10', os.arch: 'amd64', os.version: '10.0', java.version: '17'\nDriver info: org.openqa.selenium.chrome.ChromeDriver\nCommand: [2bc8592298a2bd3a853334e042823dad, maximizeCurrentWindow {}]\nCapabilities {acceptInsecureCerts: false, browserName: chrome, browserVersion: 123.0.6312.106, chrome: {chromedriverVersion: 123.0.6312.122 (31f8248cdd9..., userDataDir: C:\\Users\\ABDELR~1\\AppData\\L...}, fedcm:accounts: true, goog:chromeOptions: {debuggerAddress: localhost:49943}, networkConnectionEnabled: false, pageLoadStrategy: normal, platformName: windows, proxy: Proxy(), se:cdp: ws://localhost:49943/devtoo..., se:cdpVersion: 123.0.6312.106, setWindowRect: true, strictFileInteractability: false, timeouts: {implicit: 0, pageLoad: 300000, script: 30000}, unhandledPromptBehavior: dismiss and notify, webauthn:extension:credBlob: true, webauthn:extension:largeBlob: true, webauthn:extension:minPinLength: true, webauthn:extension:prf: true, webauthn:virtualAuthenticators: true}\nSession ID: 2bc8592298a2bd3a853334e042823dad","time":{"start":1713057029109,"stop":1713057029110,"duration":1}},{"uid":"b70738181e384561","status":"broken","statusDetails":"no such window: target window already closed\nfrom unknown error: web view not found\n  (Session info: chrome=123.0.6312.106)\nBuild info: version: '4.18.1', revision: 'b1d3319b48'\nSystem info: os.name: 'Windows 10', os.arch: 'amd64', os.version: '10.0', java.version: '17'\nDriver info: org.openqa.selenium.chrome.ChromeDriver\nCommand: [936bf6866295a9bbe969eddc79c0d394, maximizeCurrentWindow {}]\nCapabilities {acceptInsecureCerts: false, browserName: chrome, browserVersion: 123.0.6312.106, chrome: {chromedriverVersion: 123.0.6312.122 (31f8248cdd9..., userDataDir: C:\\Users\\ABDELR~1\\AppData\\L...}, fedcm:accounts: true, goog:chromeOptions: {debuggerAddress: localhost:49850}, networkConnectionEnabled: false, pageLoadStrategy: normal, platformName: windows, proxy: Proxy(), se:cdp: ws://localhost:49850/devtoo..., se:cdpVersion: 123.0.6312.106, setWindowRect: true, strictFileInteractability: false, timeouts: {implicit: 0, pageLoad: 300000, script: 30000}, unhandledPromptBehavior: dismiss and notify, webauthn:extension:credBlob: true, webauthn:extension:largeBlob: true, webauthn:extension:minPinLength: true, webauthn:extension:prf: true, webauthn:virtualAuthenticators: true}\nSession ID: 936bf6866295a9bbe969eddc79c0d394","time":{"start":1713057019000,"stop":1713057019001,"duration":1}}],"categories":[{"name":"Test defects","matchedStatuses":[],"flaky":false}],"tags":[]},"source":"5c9837d4fe509555.json","parameterValues":[]}