{"uid":"8331f703465e9159","name":"test_3","fullName":"testCases.TestCases1.test_3","historyId":"f4b36dc590821d49216bdf1b3c17906","time":{"start":1713178359489,"stop":1713178359492,"duration":3},"description":"Test Case 3: Login User with incorrect email and password","descriptionHtml":"<p>Test Case 3: Login User with incorrect email and password</p>\n","status":"passed","flaky":false,"newFailed":false,"newBroken":false,"newPassed":false,"retriesCount":0,"retriesStatusChange":false,"beforeStages":[{"name":"setUp","time":{"start":1713178338124,"stop":1713178359487,"duration":21363},"description":"","status":"passed","steps":[],"attachments":[],"parameters":[],"attachmentsCount":0,"shouldDisplayMessage":false,"hasContent":false,"attachmentStep":false,"stepsCount":0}],"afterStages":[{"name":"tearDown","time":{"start":1713178359494,"stop":1713178376189,"duration":16695},"description":"","status":"broken","statusMessage":"Timed out waiting for driver server to stop.\nBuild info: version: '4.18.1', revision: 'b1d3319b48'\nSystem info: os.name: 'Windows 10', os.arch: 'amd64', os.version: '10.0', java.version: '17'\nDriver info: org.openqa.selenium.chrome.ChromeDriver\nCommand: [04f061e99f2139f5fb043125148dbabe, quit {}]\nCapabilities {acceptInsecureCerts: false, browserName: chrome, browserVersion: 123.0.6312.122, chrome: {chromedriverVersion: 123.0.6312.122 (31f8248cdd9..., userDataDir: C:\\Users\\ABDELR~1\\AppData\\L...}, fedcm:accounts: true, goog:chromeOptions: {debuggerAddress: localhost:64587}, networkConnectionEnabled: false, pageLoadStrategy: normal, platformName: windows, proxy: Proxy(), se:cdp: ws://localhost:64587/devtoo..., se:cdpVersion: 123.0.6312.122, setWindowRect: true, strictFileInteractability: false, timeouts: {implicit: 0, pageLoad: 300000, script: 30000}, unhandledPromptBehavior: dismiss and notify, webauthn:extension:credBlob: true, webauthn:extension:largeBlob: true, webauthn:extension:minPinLength: true, webauthn:extension:prf: true, webauthn:virtualAuthenticators: true}\nSession ID: 04f061e99f2139f5fb043125148dbabe","statusTrace":"org.openqa.selenium.WebDriverException: Timed out waiting for driver server to stop.\nBuild info: version: '4.18.1', revision: 'b1d3319b48'\nSystem info: os.name: 'Windows 10', os.arch: 'amd64', os.version: '10.0', java.version: '17'\nDriver info: org.openqa.selenium.chrome.ChromeDriver\nCommand: [04f061e99f2139f5fb043125148dbabe, quit {}]\nCapabilities {acceptInsecureCerts: false, browserName: chrome, browserVersion: 123.0.6312.122, chrome: {chromedriverVersion: 123.0.6312.122 (31f8248cdd9..., userDataDir: C:\\Users\\ABDELR~1\\AppData\\L...}, fedcm:accounts: true, goog:chromeOptions: {debuggerAddress: localhost:64587}, networkConnectionEnabled: false, pageLoadStrategy: normal, platformName: windows, proxy: Proxy(), se:cdp: ws://localhost:64587/devtoo..., se:cdpVersion: 123.0.6312.122, setWindowRect: true, strictFileInteractability: false, timeouts: {implicit: 0, pageLoad: 300000, script: 30000}, unhandledPromptBehavior: dismiss and notify, webauthn:extension:credBlob: true, webauthn:extension:largeBlob: true, webauthn:extension:minPinLength: true, webauthn:extension:prf: true, webauthn:virtualAuthenticators: true}\nSession ID: 04f061e99f2139f5fb043125148dbabe\r\n\tat org.openqa.selenium.remote.service.DriverCommandExecutor.execute(DriverCommandExecutor.java:164)\r\n\tat org.openqa.selenium.remote.RemoteWebDriver.execute(RemoteWebDriver.java:519)\r\n\tat org.openqa.selenium.remote.RemoteWebDriver.execute(RemoteWebDriver.java:592)\r\n\tat org.openqa.selenium.remote.RemoteWebDriver.execute(RemoteWebDriver.java:596)\r\n\tat org.openqa.selenium.remote.RemoteWebDriver.quit(RemoteWebDriver.java:434)\r\n\tat org.openqa.selenium.chromium.ChromiumDriver.quit(ChromiumDriver.java:432)\r\n\tat base.WebDriverHelper.quitWebDriver(WebDriverHelper.java:18)\r\n\tat base.Navigation.closeBrowser(Navigation.java:67)\r\n\tat testCases.BaseTest.tearDown(BaseTest.java:53)\r\n\tat java.base/jdk.internal.reflect.NativeMethodAccessorImpl.invoke0(Native Method)\r\n\tat java.base/jdk.internal.reflect.NativeMethodAccessorImpl.invoke(NativeMethodAccessorImpl.java:77)\r\n\tat java.base/jdk.internal.reflect.DelegatingMethodAccessorImpl.invoke(DelegatingMethodAccessorImpl.java:43)\r\n\tat java.base/java.lang.reflect.Method.invoke(Method.java:568)\r\n\tat org.testng.internal.invokers.MethodInvocationHelper.invokeMethod(MethodInvocationHelper.java:139)\r\n\tat org.testng.internal.invokers.MethodInvocationHelper.invokeMethodConsideringTimeout(MethodInvocationHelper.java:69)\r\n\tat org.testng.internal.invokers.ConfigInvoker.invokeConfigurationMethod(ConfigInvoker.java:393)\r\n\tat org.testng.internal.invokers.ConfigInvoker.invokeConfigurations(ConfigInvoker.java:326)\r\n\tat org.testng.internal.invokers.TestInvoker.runConfigMethods(TestInvoker.java:810)\r\n\tat org.testng.internal.invokers.TestInvoker.runAfterConfigurations(TestInvoker.java:779)\r\n\tat org.testng.internal.invokers.TestInvoker.invokeMethod(TestInvoker.java:755)\r\n\tat org.testng.internal.invokers.TestInvoker.invokeTestMethod(TestInvoker.java:228)\r\n\tat org.testng.internal.invokers.MethodRunner.runInSequence(MethodRunner.java:63)\r\n\tat org.testng.internal.invokers.TestInvoker$MethodInvocationAgent.invoke(TestInvoker.java:961)\r\n\tat org.testng.internal.invokers.TestInvoker.invokeTestMethods(TestInvoker.java:201)\r\n\tat org.testng.internal.invokers.TestMethodWorker.invokeTestMethods(TestMethodWorker.java:148)\r\n\tat org.testng.internal.invokers.TestMethodWorker.run(TestMethodWorker.java:128)\r\n\tat java.base/java.util.concurrent.Executors$RunnableAdapter.call(Executors.java:539)\r\n\tat java.base/java.util.concurrent.FutureTask.run(FutureTask.java:264)\r\n\tat org.testng.internal.thread.graph.TestNGFutureTask.run(TestNGFutureTask.java:22)\r\n\tat java.base/java.util.concurrent.ThreadPoolExecutor.runWorker(ThreadPoolExecutor.java:1136)\r\n\tat java.base/java.util.concurrent.ThreadPoolExecutor$Worker.run(ThreadPoolExecutor.java:635)\r\n\tat java.base/java.lang.Thread.run(Thread.java:833)\r\nCaused by: java.util.concurrent.ExecutionException: java.lang.NullPointerException: Cannot invoke \"java.net.http.HttpClient.sendAsync(java.net.http.HttpRequest, java.net.http.HttpResponse$BodyHandler)\" because \"this.client\" is null\r\n\tat java.base/java.util.concurrent.CompletableFuture.reportGet(CompletableFuture.java:396)\r\n\tat java.base/java.util.concurrent.CompletableFuture.get(CompletableFuture.java:2096)\r\n\tat org.openqa.selenium.remote.service.DriverCommandExecutor.execute(DriverCommandExecutor.java:160)\r\n\t... 31 more\r\nCaused by: java.lang.NullPointerException: Cannot invoke \"java.net.http.HttpClient.sendAsync(java.net.http.HttpRequest, java.net.http.HttpResponse$BodyHandler)\" because \"this.client\" is null\r\n\tat org.openqa.selenium.remote.http.jdk.JdkHttpClient.execute0(JdkHttpClient.java:383)\r\n\tat org.openqa.selenium.remote.http.AddSeleniumUserAgent.lambda$apply$0(AddSeleniumUserAgent.java:42)\r\n\tat org.openqa.selenium.remote.http.Filter.lambda$andFinally$1(Filter.java:55)\r\n\tat org.openqa.selenium.remote.http.jdk.JdkHttpClient.execute(JdkHttpClient.java:359)\r\n\tat org.openqa.selenium.remote.HttpCommandExecutor.execute(HttpCommandExecutor.java:187)\r\n\tat org.openqa.selenium.remote.service.DriverCommandExecutor.invokeExecute(DriverCommandExecutor.java:216)\r\n\tat org.openqa.selenium.remote.service.DriverCommandExecutor.lambda$execute$1(DriverCommandExecutor.java:126)\r\n\tat java.base/java.util.concurrent.CompletableFuture$AsyncSupply.run(CompletableFuture.java:1768)\r\n\t... 3 more\r\n","steps":[],"attachments":[{"uid":"5eb9fc6dfc3b207a","name":"Screenshot","source":"5eb9fc6dfc3b207a.png","type":"image/png","size":289951}],"parameters":[],"attachmentsCount":1,"shouldDisplayMessage":true,"hasContent":true,"attachmentStep":false,"stepsCount":0}],"labels":[{"name":"package","value":"testCases.TestCases1"},{"name":"testClass","value":"testCases.TestCases1"},{"name":"testMethod","value":"test_3"},{"name":"parentSuite","value":"All Test Suite"},{"name":"suite","value":"C:/Users/AbdElRahman/IdeaProjects/TestAutomationExercise-Website"},{"name":"subSuite","value":"testCases.TestCases1"},{"name":"host","value":"DESKTOP-9QSEPRP"},{"name":"thread","value":"13016@DESKTOP-9QSEPRP.TestNG-test-C:/Users/AbdElRahman/IdeaProjects/TestAutomationExercise-Website-3(23)"},{"name":"framework","value":"testng"},{"name":"language","value":"java"},{"name":"epic","value":"EP002"},{"name":"feature","value":"Login"},{"name":"resultFormat","value":"allure2"}],"parameters":[],"links":[],"hidden":true,"retry":true,"extra":{"categories":[],"tags":[]},"source":"8331f703465e9159.json","parameterValues":[]}